<?xml version="1.0" encoding="UTF-8"?>
<robot generator="Robot 3.2.2 (Python 3.9.1 on darwin)" generated="20210201 23:15:06.760" rpa="false">
<suite id="s1" name="8 Test Library" source="/Users/fengjiahui/PycharmProjects/pythonProject/RF_Project/8_test_library.robot">
<test id="s1-t1" name="使用自定义库">
<kw name="Get Topic Id" library="utils">
<arguments>
<arg>http://49.233.108.117:3000/topic/6018170f03a1bc68d60fd7b4</arg>
</arguments>
<assign>
<var>${value}</var>
</assign>
<msg timestamp="20210201 23:15:06.771" level="INFO">${value} = 6018170f03a1bc68d60fd7b4</msg>
<status status="PASS" starttime="20210201 23:15:06.771" endtime="20210201 23:15:06.771"></status>
</kw>
<kw name="Log To Console" library="BuiltIn">
<doc>Logs the given message to the console.</doc>
<arguments>
<arg>${value}</arg>
</arguments>
<status status="PASS" starttime="20210201 23:15:06.771" endtime="20210201 23:15:06.771"></status>
</kw>
<status status="PASS" starttime="20210201 23:15:06.771" endtime="20210201 23:15:06.771" critical="yes"></status>
</test>
<doc>如何使用自定义的库</doc>
<status status="PASS" starttime="20210201 23:15:06.761" endtime="20210201 23:15:06.772"></status>
</suite>
<statistics>
<total>
<stat pass="1" fail="0">Critical Tests</stat>
<stat pass="1" fail="0">All Tests</stat>
</total>
<tag>
</tag>
<suite>
<stat pass="1" fail="0" id="s1" name="8 Test Library">8 Test Library</stat>
</suite>
</statistics>
<errors>
</errors>
</robot>
